\BOOKMARK [0][]{section*.1}{Abstract}{}% 1
\BOOKMARK [0][]{section*.2}{Preface}{}% 2
\BOOKMARK [0][]{section*.3}{Acknowledgements}{}% 3
\BOOKMARK [0][]{section*.4}{Nomenclature}{}% 4
\BOOKMARK [0][]{section*.5}{Contents}{}% 5
\BOOKMARK [0][]{chapter.1}{Hardware Setup}{}% 6
\BOOKMARK [1][]{section.1.1}{Real-Time Environment}{chapter.1}% 7
\BOOKMARK [1][]{section.1.2}{Interfaces with Dolly}{chapter.1}% 8
\BOOKMARK [1][]{section.1.3}{}{chapter.1}% 9
\BOOKMARK [0][]{chapter.2}{Overview}{}% 10
\BOOKMARK [1][]{section.2.1}{Legal Situation}{chapter.2}% 11
\BOOKMARK [1][]{section.2.2}{Ongoing research}{chapter.2}% 12
\BOOKMARK [1][]{section.2.3}{Market overview for existing solutions}{chapter.2}% 13
\BOOKMARK [0][]{chapter.3}{Introduction}{}% 14
\BOOKMARK [1][]{section.3.1}{Purpose}{chapter.3}% 15
\BOOKMARK [1][]{section.3.2}{Limitations}{chapter.3}% 16
\BOOKMARK [0][]{chapter.4}{Discussion}{}% 17
\BOOKMARK [1][]{section.4.1}{Results from bench testing}{chapter.4}% 18
\BOOKMARK [1][]{section.4.2}{Results from in vehicle testing}{chapter.4}% 19
\BOOKMARK [1][]{section.4.3}{Results from on-track testing}{chapter.4}% 20
\BOOKMARK [1][]{section.4.4}{Comparrison}{chapter.4}% 21
\BOOKMARK [0][]{chapter.5}{Conclusion}{}% 22
\BOOKMARK [1][]{section.5.1}{Recommendation}{chapter.5}% 23
\BOOKMARK [1][]{section.5.2}{Future Work}{chapter.5}% 24
